<?xml version="1.0" encoding="UTF-8"?>
<testng-results ignored="0" total="1" passed="1" failed="0" skipped="0">
  <reporter-output>
  </reporter-output>
  <suite started-at="2022-04-23T17:46:01 IST" name="Default suite" finished-at="2022-04-23T17:48:47 IST" duration-ms="166446">
    <groups>
    </groups>
    <test started-at="2022-04-23T17:46:01 IST" name="Default test" finished-at="2022-04-23T17:48:47 IST" duration-ms="166446">
      <class name="com.cc.qa.testcases.FunzoneFunctions">
        <test-method is-config="true" signature="initialization(org.testng.ITestContext)[pri:0, instance:com.cc.qa.testcases.FunzoneFunctions@5562c41e]" started-at="2022-04-23T17:45:59 IST" name="initialization" finished-at="2022-04-23T17:46:01 IST" duration-ms="2406" status="PASS">
          <params>
            <param index="0">
              <value>
                <![CDATA[org.testng.TestRunner@642f9a77]]>
              </value>
            </param>
          </params>
          <reporter-output>
          </reporter-output>
        </test-method> <!-- initialization -->
        <test-method is-config="true" signature="navigateTo()[pri:0, instance:com.cc.qa.testcases.FunzoneFunctions@5562c41e]" started-at="2022-04-23T17:46:01 IST" name="navigateTo" finished-at="2022-04-23T17:46:15 IST" duration-ms="14358" status="PASS">
          <reporter-output>
          </reporter-output>
        </test-method> <!-- navigateTo -->
        <test-method signature="FunZoneOperations()[pri:1, instance:com.cc.qa.testcases.FunzoneFunctions@5562c41e]" started-at="2022-04-23T17:46:15 IST" name="FunZoneOperations" finished-at="2022-04-23T17:48:47 IST" duration-ms="152044" status="PASS">
          <reporter-output>
          </reporter-output>
        </test-method> <!-- FunZoneOperations -->
        <test-method is-config="true" signature="tearDown()[pri:0, instance:com.cc.qa.testcases.FunzoneFunctions@5562c41e]" started-at="2022-04-23T17:48:47 IST" name="tearDown" finished-at="2022-04-23T17:48:48 IST" duration-ms="149" status="PASS">
          <reporter-output>
          </reporter-output>
        </test-method> <!-- tearDown -->
      </class> <!-- com.cc.qa.testcases.FunzoneFunctions -->
    </test> <!-- Default test -->
  </suite> <!-- Default suite -->
</testng-results>
